2022-05-23 14:51:57 - PHP Unknown:  Return type of Twig\Node\Node::count() should either be compatible with Countable::count(): int, or the #[\ReturnTypeWillChange] attribute should be used to temporarily suppress the notice in C:\xampp\htdocs\opencartsite\system\storage\vendor\twig\twig\src\Node\Node.php on line 161
2022-05-23 14:51:57 - PHP Unknown:  Return type of Twig\Node\Node::getIterator() should either be compatible with IteratorAggregate::getIterator(): Traversable, or the #[\ReturnTypeWillChange] attribute should be used to temporarily suppress the notice in C:\xampp\htdocs\opencartsite\system\storage\vendor\twig\twig\src\Node\Node.php on line 166
2022-05-23 14:52:00 - PHP Unknown:  Return type of Twig\Node\Node::count() should either be compatible with Countable::count(): int, or the #[\ReturnTypeWillChange] attribute should be used to temporarily suppress the notice in C:\xampp\htdocs\opencartsite\system\storage\vendor\twig\twig\src\Node\Node.php on line 161
2022-05-23 14:52:00 - PHP Unknown:  Return type of Twig\Node\Node::getIterator() should either be compatible with IteratorAggregate::getIterator(): Traversable, or the #[\ReturnTypeWillChange] attribute should be used to temporarily suppress the notice in C:\xampp\htdocs\opencartsite\system\storage\vendor\twig\twig\src\Node\Node.php on line 166
2022-05-23 14:55:41 - PHP Unknown:  Return type of Twig\Node\Node::count() should either be compatible with Countable::count(): int, or the #[\ReturnTypeWillChange] attribute should be used to temporarily suppress the notice in C:\xampp\htdocs\opencartsite\system\storage\vendor\twig\twig\src\Node\Node.php on line 161
2022-05-23 14:55:41 - PHP Unknown:  Return type of Twig\Node\Node::getIterator() should either be compatible with IteratorAggregate::getIterator(): Traversable, or the #[\ReturnTypeWillChange] attribute should be used to temporarily suppress the notice in C:\xampp\htdocs\opencartsite\system\storage\vendor\twig\twig\src\Node\Node.php on line 166
2022-05-23 14:56:44 - PHP Unknown:  Return type of Twig\Node\Node::count() should either be compatible with Countable::count(): int, or the #[\ReturnTypeWillChange] attribute should be used to temporarily suppress the notice in C:\xampp\htdocs\opencartsite\system\storage\vendor\twig\twig\src\Node\Node.php on line 161
2022-05-23 14:56:44 - PHP Unknown:  Return type of Twig\Node\Node::getIterator() should either be compatible with IteratorAggregate::getIterator(): Traversable, or the #[\ReturnTypeWillChange] attribute should be used to temporarily suppress the notice in C:\xampp\htdocs\opencartsite\system\storage\vendor\twig\twig\src\Node\Node.php on line 166
2022-05-23 14:57:17 - PHP Unknown:  mysqli::real_escape_string(): Passing null to parameter #1 ($string) of type string is deprecated in C:\xampp\htdocs\opencartsite\system\library\db\mysqli.php on line 53
2022-05-23 14:57:17 - PHP Unknown:  Automatic conversion of false to array is deprecated in C:\xampp\htdocs\opencartsite\catalog\controller\startup\startup.php on line 103
2022-05-23 14:57:17 - PHP Unknown:  Return type of Twig\Node\Node::count() should either be compatible with Countable::count(): int, or the #[\ReturnTypeWillChange] attribute should be used to temporarily suppress the notice in C:\xampp\htdocs\opencartsite\system\storage\vendor\twig\twig\src\Node\Node.php on line 161
2022-05-23 14:57:17 - PHP Unknown:  Return type of Twig\Node\Node::getIterator() should either be compatible with IteratorAggregate::getIterator(): Traversable, or the #[\ReturnTypeWillChange] attribute should be used to temporarily suppress the notice in C:\xampp\htdocs\opencartsite\system\storage\vendor\twig\twig\src\Node\Node.php on line 166
2022-05-23 14:57:17 - PHP Unknown:  round(): Passing null to parameter #1 ($num) of type int|float is deprecated in C:\xampp\htdocs\opencartsite\catalog\model\catalog\product.php on line 45
2022-05-23 14:57:17 - PHP Unknown:  round(): Passing null to parameter #1 ($num) of type int|float is deprecated in C:\xampp\htdocs\opencartsite\catalog\model\catalog\product.php on line 45
2022-05-23 14:57:17 - PHP Unknown:  round(): Passing null to parameter #1 ($num) of type int|float is deprecated in C:\xampp\htdocs\opencartsite\catalog\model\catalog\product.php on line 45
2022-05-23 14:57:17 - PHP Unknown:  round(): Passing null to parameter #1 ($num) of type int|float is deprecated in C:\xampp\htdocs\opencartsite\catalog\model\catalog\product.php on line 45
2022-05-23 14:57:34 - PHP Unknown:  Return type of Twig\Node\Node::count() should either be compatible with Countable::count(): int, or the #[\ReturnTypeWillChange] attribute should be used to temporarily suppress the notice in C:\xampp\htdocs\opencartsite\system\storage\vendor\twig\twig\src\Node\Node.php on line 161
2022-05-23 14:57:34 - PHP Unknown:  Return type of Twig\Node\Node::getIterator() should either be compatible with IteratorAggregate::getIterator(): Traversable, or the #[\ReturnTypeWillChange] attribute should be used to temporarily suppress the notice in C:\xampp\htdocs\opencartsite\system\storage\vendor\twig\twig\src\Node\Node.php on line 166
2022-05-23 14:58:03 - PHP Unknown:  Return type of Twig\Node\Node::count() should either be compatible with Countable::count(): int, or the #[\ReturnTypeWillChange] attribute should be used to temporarily suppress the notice in C:\xampp\htdocs\opencartsite\system\storage\vendor\twig\twig\src\Node\Node.php on line 161
2022-05-23 14:58:03 - PHP Unknown:  Return type of Twig\Node\Node::getIterator() should either be compatible with IteratorAggregate::getIterator(): Traversable, or the #[\ReturnTypeWillChange] attribute should be used to temporarily suppress the notice in C:\xampp\htdocs\opencartsite\system\storage\vendor\twig\twig\src\Node\Node.php on line 166
2022-05-23 14:58:03 - PHP Unknown:  round(): Passing null to parameter #1 ($num) of type int|float is deprecated in C:\xampp\htdocs\opencartsite\admin\controller\extension\dashboard\sale.php on line 116
